# HELP jvm_classes_unloaded_classes_total The total number of classes unloaded since the Java virtual machine has started execution
# TYPE jvm_classes_unloaded_classes_total counter
jvm_classes_unloaded_classes_total{application="client",env="dev",} 1.0
# HELP tomcat_cache_hit_total  
# TYPE tomcat_cache_hit_total counter
tomcat_cache_hit_total{application="client",env="dev",} 0.0
# HELP disk_free_bytes Usable space for path
# TYPE disk_free_bytes gauge
disk_free_bytes{application="client",env="dev",path="/app/.",} 1.008597864448E12
# HELP jvm_threads_peak_threads The peak live thread count since the Java virtual machine started or peak was reset
# TYPE jvm_threads_peak_threads gauge
jvm_threads_peak_threads{application="client",env="dev",} 40.0
# HELP http_server_requests_seconds  
# TYPE http_server_requests_seconds summary
http_server_requests_seconds{application="client",env="dev",error="none",exception="none",method="GET",outcome="SUCCESS",status="200",uri="/actuator/metrics",quantile="0.5",} 0.016777216
http_server_requests_seconds{application="client",env="dev",error="none",exception="none",method="GET",outcome="SUCCESS",status="200",uri="/actuator/metrics",quantile="0.95",} 0.016777216
http_server_requests_seconds{application="client",env="dev",error="none",exception="none",method="GET",outcome="SUCCESS",status="200",uri="/actuator/metrics",quantile="0.99",} 0.016777216
http_server_requests_seconds{application="client",env="dev",error="none",exception="none",method="GET",outcome="SUCCESS",status="200",uri="/actuator/metrics",quantile="0.999",} 0.016777216
http_server_requests_seconds_count{application="client",env="dev",error="none",exception="none",method="GET",outcome="SUCCESS",status="200",uri="/actuator/metrics",} 1.0
http_server_requests_seconds_sum{application="client",env="dev",error="none",exception="none",method="GET",outcome="SUCCESS",status="200",uri="/actuator/metrics",} 0.017269605
http_server_requests_seconds{application="client",env="dev",error="none",exception="none",method="GET",outcome="SUCCESS",status="200",uri="/actuator/health",quantile="0.5",} 0.021495808
http_server_requests_seconds{application="client",env="dev",error="none",exception="none",method="GET",outcome="SUCCESS",status="200",uri="/actuator/health",quantile="0.95",} 0.083361792
http_server_requests_seconds{application="client",env="dev",error="none",exception="none",method="GET",outcome="SUCCESS",status="200",uri="/actuator/health",quantile="0.99",} 0.083361792
http_server_requests_seconds{application="client",env="dev",error="none",exception="none",method="GET",outcome="SUCCESS",status="200",uri="/actuator/health",quantile="0.999",} 0.083361792
http_server_requests_seconds_count{application="client",env="dev",error="none",exception="none",method="GET",outcome="SUCCESS",status="200",uri="/actuator/health",} 3.0
http_server_requests_seconds_sum{application="client",env="dev",error="none",exception="none",method="GET",outcome="SUCCESS",status="200",uri="/actuator/health",} 0.116296588
http_server_requests_seconds{application="client",env="dev",error="none",exception="none",method="GET",outcome="SUCCESS",status="200",uri="/hello",quantile="0.5",} 0.01048576
http_server_requests_seconds{application="client",env="dev",error="none",exception="none",method="GET",outcome="SUCCESS",status="200",uri="/hello",quantile="0.95",} 0.033030144
http_server_requests_seconds{application="client",env="dev",error="none",exception="none",method="GET",outcome="SUCCESS",status="200",uri="/hello",quantile="0.99",} 0.536346624
http_server_requests_seconds{application="client",env="dev",error="none",exception="none",method="GET",outcome="SUCCESS",status="200",uri="/hello",quantile="0.999",} 0.536346624
http_server_requests_seconds_count{application="client",env="dev",error="none",exception="none",method="GET",outcome="SUCCESS",status="200",uri="/hello",} 53.0
http_server_requests_seconds_sum{application="client",env="dev",error="none",exception="none",method="GET",outcome="SUCCESS",status="200",uri="/hello",} 1.192764273
# HELP http_server_requests_seconds_max  
# TYPE http_server_requests_seconds_max gauge
http_server_requests_seconds_max{application="client",env="dev",error="none",exception="none",method="GET",outcome="SUCCESS",status="200",uri="/actuator/metrics",} 0.017269605
http_server_requests_seconds_max{application="client",env="dev",error="none",exception="none",method="GET",outcome="SUCCESS",status="200",uri="/actuator/health",} 0.082901763
http_server_requests_seconds_max{application="client",env="dev",error="none",exception="none",method="GET",outcome="SUCCESS",status="200",uri="/hello",} 0.520443391
# HELP jvm_memory_max_bytes The maximum amount of memory in bytes that can be used for memory management
# TYPE jvm_memory_max_bytes gauge
jvm_memory_max_bytes{application="client",area="nonheap",env="dev",id="CodeHeap 'profiled nmethods'",} 1.22908672E8
jvm_memory_max_bytes{application="client",area="nonheap",env="dev",id="Metaspace",} -1.0
jvm_memory_max_bytes{application="client",area="heap",env="dev",id="G1 Survivor Space",} -1.0
jvm_memory_max_bytes{application="client",area="nonheap",env="dev",id="Compressed Class Space",} 1.073741824E9
jvm_memory_max_bytes{application="client",area="heap",env="dev",id="G1 Old Gen",} 3.034578944E9
jvm_memory_max_bytes{application="client",area="nonheap",env="dev",id="CodeHeap 'non-profiled nmethods'",} 1.22908672E8
jvm_memory_max_bytes{application="client",area="nonheap",env="dev",id="CodeHeap 'non-nmethods'",} 5840896.0
jvm_memory_max_bytes{application="client",area="heap",env="dev",id="G1 Eden Space",} -1.0
# HELP executor_pool_core_threads The core number of threads for the pool
# TYPE executor_pool_core_threads gauge
executor_pool_core_threads{application="client",env="dev",name="applicationTaskExecutor",} 8.0
# HELP application_started_time_seconds Time taken to start the application
# TYPE application_started_time_seconds gauge
application_started_time_seconds{application="client",env="dev",main_application_class="com.client.client.ClientApplication",} 20.122
# HELP process_files_max_files The maximum file descriptor count
# TYPE process_files_max_files gauge
process_files_max_files{application="client",env="dev",} 1048576.0
# HELP jvm_gc_memory_allocated_bytes_total Incremented for an increase in the size of the (young) heap memory pool after one GC to before the next
# TYPE jvm_gc_memory_allocated_bytes_total counter
jvm_gc_memory_allocated_bytes_total{application="client",env="dev",} 1.34217728E8
# HELP tomcat_global_received_bytes_total  
# TYPE tomcat_global_received_bytes_total counter
tomcat_global_received_bytes_total{application="client",env="dev",name="http-nio-8080",} 0.0
# HELP tomcat_global_sent_bytes_total  
# TYPE tomcat_global_sent_bytes_total counter
tomcat_global_sent_bytes_total{application="client",env="dev",name="http-nio-8080",} 3246.0
# HELP jvm_compilation_time_ms_total The approximate accumulated elapsed time spent in compilation
# TYPE jvm_compilation_time_ms_total counter
jvm_compilation_time_ms_total{application="client",compiler="HotSpot 64-Bit Tiered Compilers",env="dev",} 64533.0
# HELP disk_total_bytes Total space for path
# TYPE disk_total_bytes gauge
disk_total_bytes{application="client",env="dev",path="/app/.",} 1.081101176832E12
# HELP application_ready_time_seconds Time taken for the application to be ready to service requests
# TYPE application_ready_time_seconds gauge
application_ready_time_seconds{application="client",env="dev",main_application_class="com.client.client.ClientApplication",} 20.209
# HELP executor_queue_remaining_tasks The number of additional elements that this queue can ideally accept without blocking
# TYPE executor_queue_remaining_tasks gauge
executor_queue_remaining_tasks{application="client",env="dev",name="applicationTaskExecutor",} 2.147483647E9
# HELP process_cpu_usage The "recent cpu usage" for the Java Virtual Machine process
# TYPE process_cpu_usage gauge
process_cpu_usage{application="client",env="dev",} 0.034934497816593885
# HELP executor_pool_size_threads The current number of threads in the pool
# TYPE executor_pool_size_threads gauge
executor_pool_size_threads{application="client",env="dev",name="applicationTaskExecutor",} 0.0
# HELP jvm_memory_used_bytes The amount of used memory
# TYPE jvm_memory_used_bytes gauge
jvm_memory_used_bytes{application="client",area="nonheap",env="dev",id="CodeHeap 'profiled nmethods'",} 1.5863936E7
jvm_memory_used_bytes{application="client",area="nonheap",env="dev",id="Metaspace",} 8.3900432E7
jvm_memory_used_bytes{application="client",area="heap",env="dev",id="G1 Survivor Space",} 5319952.0
jvm_memory_used_bytes{application="client",area="nonheap",env="dev",id="Compressed Class Space",} 1.0929824E7
jvm_memory_used_bytes{application="client",area="heap",env="dev",id="G1 Old Gen",} 4.3053056E7
jvm_memory_used_bytes{application="client",area="nonheap",env="dev",id="CodeHeap 'non-profiled nmethods'",} 4323712.0
jvm_memory_used_bytes{application="client",area="nonheap",env="dev",id="CodeHeap 'non-nmethods'",} 1395584.0
jvm_memory_used_bytes{application="client",area="heap",env="dev",id="G1 Eden Space",} 6.291456E7
# HELP tomcat_sessions_created_sessions_total  
# TYPE tomcat_sessions_created_sessions_total counter
tomcat_sessions_created_sessions_total{application="client",env="dev",} 0.0
# HELP tomcat_cache_access_total  
# TYPE tomcat_cache_access_total counter
tomcat_cache_access_total{application="client",env="dev",} 0.0
# HELP tomcat_connections_current_connections  
# TYPE tomcat_connections_current_connections gauge
tomcat_connections_current_connections{application="client",env="dev",name="http-nio-8080",} 2.0
# HELP tomcat_threads_config_max_threads  
# TYPE tomcat_threads_config_max_threads gauge
tomcat_threads_config_max_threads{application="client",env="dev",name="http-nio-8080",} 200.0
# HELP jvm_buffer_count_buffers An estimate of the number of buffers in the pool
# TYPE jvm_buffer_count_buffers gauge
jvm_buffer_count_buffers{application="client",env="dev",id="mapped",} 0.0
jvm_buffer_count_buffers{application="client",env="dev",id="direct",} 16.0
jvm_buffer_count_buffers{application="client",env="dev",id="mapped - 'non-volatile memory'",} 0.0
# HELP jvm_threads_started_threads_total The total number of application threads started in the JVM
# TYPE jvm_threads_started_threads_total counter
jvm_threads_started_threads_total{application="client",env="dev",} 48.0
# HELP jvm_gc_max_data_size_bytes Max size of long-lived heap memory pool
# TYPE jvm_gc_max_data_size_bytes gauge
jvm_gc_max_data_size_bytes{application="client",env="dev",} 3.034578944E9
# HELP tomcat_connections_config_max_connections  
# TYPE tomcat_connections_config_max_connections gauge
tomcat_connections_config_max_connections{application="client",env="dev",name="http-nio-8080",} 8192.0
# HELP tomcat_threads_current_threads  
# TYPE tomcat_threads_current_threads gauge
tomcat_threads_current_threads{application="client",env="dev",name="http-nio-8080",} 10.0
# HELP executor_pool_max_threads The maximum allowed number of threads in the pool
# TYPE executor_pool_max_threads gauge
executor_pool_max_threads{application="client",env="dev",name="applicationTaskExecutor",} 2.147483647E9
# HELP executor_completed_tasks_total The approximate total number of tasks that have completed execution
# TYPE executor_completed_tasks_total counter
executor_completed_tasks_total{application="client",env="dev",name="applicationTaskExecutor",} 0.0
# HELP jvm_gc_memory_promoted_bytes_total Count of positive increases in the size of the old generation memory pool before GC to after GC
# TYPE jvm_gc_memory_promoted_bytes_total counter
jvm_gc_memory_promoted_bytes_total{application="client",env="dev",} 4382720.0
# HELP tomcat_sessions_active_max_sessions  
# TYPE tomcat_sessions_active_max_sessions gauge
tomcat_sessions_active_max_sessions{application="client",env="dev",} 0.0
# HELP http_server_requests_active_seconds_max  
# TYPE http_server_requests_active_seconds_max gauge
http_server_requests_active_seconds_max{application="client",env="dev",exception="none",method="GET",outcome="SUCCESS",status="200",uri="UNKNOWN",} 0.019622785
# HELP http_server_requests_active_seconds  
# TYPE http_server_requests_active_seconds summary
http_server_requests_active_seconds{application="client",env="dev",exception="none",method="GET",outcome="SUCCESS",status="200",uri="UNKNOWN",quantile="0.5",} 0.019572822
http_server_requests_active_seconds{application="client",env="dev",exception="none",method="GET",outcome="SUCCESS",status="200",uri="UNKNOWN",quantile="0.95",} 0.019622785
http_server_requests_active_seconds{application="client",env="dev",exception="none",method="GET",outcome="SUCCESS",status="200",uri="UNKNOWN",quantile="0.99",} 0.019622785
http_server_requests_active_seconds{application="client",env="dev",exception="none",method="GET",outcome="SUCCESS",status="200",uri="UNKNOWN",quantile="0.999",} 0.019622785
http_server_requests_active_seconds_active_count{application="client",env="dev",exception="none",method="GET",outcome="SUCCESS",status="200",uri="UNKNOWN",} 1.0
http_server_requests_active_seconds_duration_sum{application="client",env="dev",exception="none",method="GET",outcome="SUCCESS",status="200",uri="UNKNOWN",} 0.019611404
# HELP tomcat_servlet_request_seconds  
# TYPE tomcat_servlet_request_seconds summary
tomcat_servlet_request_seconds_count{application="client",env="dev",name="dispatcherServlet",} 58.0
tomcat_servlet_request_seconds_sum{application="client",env="dev",name="dispatcherServlet",} 1.449
# HELP system_cpu_usage The "recent cpu usage" of the system the application is running in
# TYPE system_cpu_usage gauge
system_cpu_usage{application="client",env="dev",} 0.04310344827586207
# HELP process_files_open_files The open file descriptor count
# TYPE process_files_open_files gauge
process_files_open_files{application="client",env="dev",} 25.0
# HELP jvm_threads_states_threads The current number of threads
# TYPE jvm_threads_states_threads gauge
jvm_threads_states_threads{application="client",env="dev",state="new",} 0.0
jvm_threads_states_threads{application="client",env="dev",state="runnable",} 10.0
jvm_threads_states_threads{application="client",env="dev",state="terminated",} 0.0
jvm_threads_states_threads{application="client",env="dev",state="blocked",} 0.0
jvm_threads_states_threads{application="client",env="dev",state="waiting",} 14.0
jvm_threads_states_threads{application="client",env="dev",state="timed-waiting",} 16.0
# HELP jvm_gc_pause_seconds Time spent in GC pause
# TYPE jvm_gc_pause_seconds summary
jvm_gc_pause_seconds{action="end of minor GC",application="client",cause="G1 Evacuation Pause",env="dev",gc="G1 Young Generation",quantile="0.5",} 0.005767168
jvm_gc_pause_seconds{action="end of minor GC",application="client",cause="G1 Evacuation Pause",env="dev",gc="G1 Young Generation",quantile="0.95",} 0.006815744
jvm_gc_pause_seconds{action="end of minor GC",application="client",cause="G1 Evacuation Pause",env="dev",gc="G1 Young Generation",quantile="0.99",} 0.006815744
jvm_gc_pause_seconds{action="end of minor GC",application="client",cause="G1 Evacuation Pause",env="dev",gc="G1 Young Generation",quantile="0.999",} 0.006815744
jvm_gc_pause_seconds_count{action="end of minor GC",application="client",cause="G1 Evacuation Pause",env="dev",gc="G1 Young Generation",} 2.0
jvm_gc_pause_seconds_sum{action="end of minor GC",application="client",cause="G1 Evacuation Pause",env="dev",gc="G1 Young Generation",} 0.013
# HELP jvm_gc_pause_seconds_max Time spent in GC pause
# TYPE jvm_gc_pause_seconds_max gauge
jvm_gc_pause_seconds_max{action="end of minor GC",application="client",cause="G1 Evacuation Pause",env="dev",gc="G1 Young Generation",} 0.007
# HELP jvm_memory_committed_bytes The amount of memory in bytes that is committed for the Java virtual machine to use
# TYPE jvm_memory_committed_bytes gauge
jvm_memory_committed_bytes{application="client",area="nonheap",env="dev",id="CodeHeap 'profiled nmethods'",} 1.5925248E7
jvm_memory_committed_bytes{application="client",area="nonheap",env="dev",id="Metaspace",} 8.4606976E7
jvm_memory_committed_bytes{application="client",area="heap",env="dev",id="G1 Survivor Space",} 6291456.0
jvm_memory_committed_bytes{application="client",area="nonheap",env="dev",id="Compressed Class Space",} 1.1272192E7
jvm_memory_committed_bytes{application="client",area="heap",env="dev",id="G1 Old Gen",} 6.291456E7
jvm_memory_committed_bytes{application="client",area="nonheap",env="dev",id="CodeHeap 'non-profiled nmethods'",} 4456448.0
jvm_memory_committed_bytes{application="client",area="nonheap",env="dev",id="CodeHeap 'non-nmethods'",} 2555904.0
jvm_memory_committed_bytes{application="client",area="heap",env="dev",id="G1 Eden Space",} 7.1303168E7
# HELP process_uptime_seconds The uptime of the Java virtual machine
# TYPE process_uptime_seconds gauge
process_uptime_seconds{application="client",env="dev",} 65.346
# HELP jvm_gc_overhead_percent An approximation of the percent of CPU time used by GC activities over the last lookback period or since monitoring began, whichever is shorter, in the range [0..1]
# TYPE jvm_gc_overhead_percent gauge
jvm_gc_overhead_percent{application="client",env="dev",} 4.4120058361257053E-4
# HELP tomcat_sessions_alive_max_seconds  
# TYPE tomcat_sessions_alive_max_seconds gauge
tomcat_sessions_alive_max_seconds{application="client",env="dev",} 0.0
# HELP tomcat_sessions_rejected_sessions_total  
# TYPE tomcat_sessions_rejected_sessions_total counter
tomcat_sessions_rejected_sessions_total{application="client",env="dev",} 0.0
# HELP tomcat_servlet_error_total  
# TYPE tomcat_servlet_error_total counter
tomcat_servlet_error_total{application="client",env="dev",name="dispatcherServlet",} 0.0
# HELP jvm_buffer_memory_used_bytes An estimate of the memory that the Java virtual machine is using for this buffer pool
# TYPE jvm_buffer_memory_used_bytes gauge
jvm_buffer_memory_used_bytes{application="client",env="dev",id="mapped",} 0.0
jvm_buffer_memory_used_bytes{application="client",env="dev",id="direct",} 123259.0
jvm_buffer_memory_used_bytes{application="client",env="dev",id="mapped - 'non-volatile memory'",} 0.0
# HELP jvm_gc_live_data_size_bytes Size of long-lived heap memory pool after reclamation
# TYPE jvm_gc_live_data_size_bytes gauge
jvm_gc_live_data_size_bytes{application="client",env="dev",} 0.0
# HELP tomcat_sessions_active_current_sessions  
# TYPE tomcat_sessions_active_current_sessions gauge
tomcat_sessions_active_current_sessions{application="client",env="dev",} 0.0
# HELP jvm_threads_daemon_threads The current number of live daemon threads
# TYPE jvm_threads_daemon_threads gauge
jvm_threads_daemon_threads{application="client",env="dev",} 35.0
# HELP executor_active_threads The approximate number of threads that are actively executing tasks
# TYPE executor_active_threads gauge
executor_active_threads{application="client",env="dev",name="applicationTaskExecutor",} 0.0
# HELP tomcat_connections_keepalive_current_connections  
# TYPE tomcat_connections_keepalive_current_connections gauge
tomcat_connections_keepalive_current_connections{application="client",env="dev",name="http-nio-8080",} 1.0
# HELP system_load_average_1m The sum of the number of runnable entities queued to available processors and the number of runnable entities running on the available processors averaged over a period of time
# TYPE system_load_average_1m gauge
system_load_average_1m{application="client",env="dev",} 8.57666015625
# HELP tomcat_sessions_expired_sessions_total  
# TYPE tomcat_sessions_expired_sessions_total counter
tomcat_sessions_expired_sessions_total{application="client",env="dev",} 0.0
# HELP jvm_buffer_total_capacity_bytes An estimate of the total capacity of the buffers in this pool
# TYPE jvm_buffer_total_capacity_bytes gauge
jvm_buffer_total_capacity_bytes{application="client",env="dev",id="mapped",} 0.0
jvm_buffer_total_capacity_bytes{application="client",env="dev",id="direct",} 123259.0
jvm_buffer_total_capacity_bytes{application="client",env="dev",id="mapped - 'non-volatile memory'",} 0.0
# HELP jvm_classes_loaded_classes The number of classes that are currently loaded in the Java virtual machine
# TYPE jvm_classes_loaded_classes gauge
jvm_classes_loaded_classes{application="client",env="dev",} 15834.0
# HELP process_start_time_seconds Start time of the process since unix epoch.
# TYPE process_start_time_seconds gauge
process_start_time_seconds{application="client",env="dev",} 1.706110486835E9
# HELP tomcat_global_request_seconds  
# TYPE tomcat_global_request_seconds summary
tomcat_global_request_seconds_count{application="client",env="dev",name="http-nio-8080",} 57.0
tomcat_global_request_seconds_sum{application="client",env="dev",name="http-nio-8080",} 1.561
# HELP tomcat_global_request_max_seconds  
# TYPE tomcat_global_request_max_seconds gauge
tomcat_global_request_max_seconds{application="client",env="dev",name="http-nio-8080",} 0.677
# HELP logback_events_total Number of log events that were enabled by the effective log level
# TYPE logback_events_total counter
logback_events_total{application="client",env="dev",level="error",} 0.0
logback_events_total{application="client",env="dev",level="info",} 219.0
logback_events_total{application="client",env="dev",level="trace",} 0.0
logback_events_total{application="client",env="dev",level="warn",} 0.0
logback_events_total{application="client",env="dev",level="debug",} 0.0
# HELP executor_queued_tasks The approximate number of tasks that are queued for execution
# TYPE executor_queued_tasks gauge
executor_queued_tasks{application="client",env="dev",name="applicationTaskExecutor",} 0.0
# HELP system_cpu_count The number of processors available to the Java virtual machine
# TYPE system_cpu_count gauge
system_cpu_count{application="client",env="dev",} 12.0
# HELP jvm_threads_live_threads The current number of live threads including both daemon and non-daemon threads
# TYPE jvm_threads_live_threads gauge
jvm_threads_live_threads{application="client",env="dev",} 40.0
# HELP tomcat_servlet_request_max_seconds  
# TYPE tomcat_servlet_request_max_seconds gauge
tomcat_servlet_request_max_seconds{application="client",env="dev",name="dispatcherServlet",} 0.599
# HELP tomcat_global_error_total  
# TYPE tomcat_global_error_total counter
tomcat_global_error_total{application="client",env="dev",name="http-nio-8080",} 0.0
# HELP jvm_info JVM version info
# TYPE jvm_info gauge
jvm_info{application="client",env="dev",runtime="OpenJDK Runtime Environment",vendor="Oracle Corporation",version="17-ea+14",} 1.0
# HELP tomcat_threads_busy_threads  
# TYPE tomcat_threads_busy_threads gauge
tomcat_threads_busy_threads{application="client",env="dev",name="http-nio-8080",} 1.0
# HELP jvm_memory_usage_after_gc_percent The percentage of long-lived heap pool used after the last GC event, in the range [0..1]
# TYPE jvm_memory_usage_after_gc_percent gauge
jvm_memory_usage_after_gc_percent{application="client",area="heap",env="dev",pool="long-lived",} 0.014187489201796822